[debug] [2023-06-22T21:55:51.070Z] ----------------------------------------------------------------------
[debug] [2023-06-22T21:55:51.071Z] Command:       C:\Program Files\nodejs\node.exe C:\Users\evu_p\AppData\Roaming\npm\node_modules\firebase-tools\lib\bin\firebase.js deploy
[debug] [2023-06-22T21:55:51.072Z] CLI Version:   12.3.1
[debug] [2023-06-22T21:55:51.072Z] Platform:      win32
[debug] [2023-06-22T21:55:51.072Z] Node Version:  v18.15.0
[debug] [2023-06-22T21:55:51.073Z] Time:          Thu Jun 22 2023 18:55:51 GMT-0300 (hora estándar de Argentina)
[debug] [2023-06-22T21:55:51.073Z] ----------------------------------------------------------------------
[debug] 
[debug] [2023-06-22T21:55:51.075Z] >>> [apiv2][query] GET https://firebase-public.firebaseio.com/cli.json [none]
[debug] [2023-06-22T21:55:51.151Z] > command requires scopes: ["email","openid","https://www.googleapis.com/auth/cloudplatformprojects.readonly","https://www.googleapis.com/auth/firebase","https://www.googleapis.com/auth/cloud-platform"]
[debug] [2023-06-22T21:55:51.151Z] > authorizing via signed-in user (evu.penfold.11@gmail.com)
[debug] [2023-06-22T21:55:51.151Z] [iam] checking project frontend-argentina-progr-6523c for permissions ["firebase.projects.get","firebasehosting.sites.update"]
[debug] [2023-06-22T21:55:51.152Z] > refreshing access token with scopes: []
[debug] [2023-06-22T21:55:51.152Z] >>> [apiv2][query] POST https://www.googleapis.com/oauth2/v3/token [none]
[debug] [2023-06-22T21:55:51.153Z] >>> [apiv2][body] POST https://www.googleapis.com/oauth2/v3/token [omitted]
[debug] [2023-06-22T21:55:51.375Z] <<< [apiv2][status] POST https://www.googleapis.com/oauth2/v3/token 200
[debug] [2023-06-22T21:55:51.375Z] <<< [apiv2][body] POST https://www.googleapis.com/oauth2/v3/token [omitted]
[debug] [2023-06-22T21:55:51.407Z] >>> [apiv2][query] POST https://cloudresourcemanager.googleapis.com/v1/projects/frontend-argentina-progr-6523c:testIamPermissions [none]
[debug] [2023-06-22T21:55:51.407Z] >>> [apiv2][(partial)header] POST https://cloudresourcemanager.googleapis.com/v1/projects/frontend-argentina-progr-6523c:testIamPermissions x-goog-quota-user=projects/frontend-argentina-progr-6523c
[debug] [2023-06-22T21:55:51.407Z] >>> [apiv2][body] POST https://cloudresourcemanager.googleapis.com/v1/projects/frontend-argentina-progr-6523c:testIamPermissions {"permissions":["firebase.projects.get","firebasehosting.sites.update"]}
[debug] [2023-06-22T21:55:51.537Z] <<< [apiv2][status] GET https://firebase-public.firebaseio.com/cli.json 200
[debug] [2023-06-22T21:55:51.538Z] <<< [apiv2][body] GET https://firebase-public.firebaseio.com/cli.json {"cloudBuildErrorAfter":1594252800000,"cloudBuildWarnAfter":1590019200000,"defaultNode10After":1594252800000,"minVersion":"3.0.5","node8DeploysDisabledAfter":1613390400000,"node8RuntimeDisabledAfter":1615809600000,"node8WarnAfter":1600128000000}
[debug] [2023-06-22T21:55:52.520Z] <<< [apiv2][status] POST https://cloudresourcemanager.googleapis.com/v1/projects/frontend-argentina-progr-6523c:testIamPermissions 200
[debug] [2023-06-22T21:55:52.521Z] <<< [apiv2][body] POST https://cloudresourcemanager.googleapis.com/v1/projects/frontend-argentina-progr-6523c:testIamPermissions {}
[debug] [2023-06-22T21:55:52.521Z] [iam] error while checking permissions, command may fail: FirebaseError: Authorization failed. This account is missing the following required permissions on project frontend-argentina-progr-6523c:

  firebase.projects.get
  firebasehosting.sites.update
[debug] [2023-06-22T21:55:52.523Z] >>> [apiv2][query] GET https://firebase.googleapis.com/v1beta1/projects/frontend-argentina-progr-6523c [none]
[debug] [2023-06-22T21:55:52.922Z] <<< [apiv2][status] GET https://firebase.googleapis.com/v1beta1/projects/frontend-argentina-progr-6523c 403
[debug] [2023-06-22T21:55:52.922Z] <<< [apiv2][body] GET https://firebase.googleapis.com/v1beta1/projects/frontend-argentina-progr-6523c {"error":{"code":403,"message":"The caller does not have permission","status":"PERMISSION_DENIED"}}
[debug] [2023-06-22T21:55:52.923Z] HTTP Error: 403, The caller does not have permission
[debug] [2023-06-22T21:55:53.073Z] FirebaseError: HTTP Error: 403, The caller does not have permission
    at responseToError (C:\Users\evu_p\AppData\Roaming\npm\node_modules\firebase-tools\lib\responseToError.js:49:12)
    at RetryOperation._fn (C:\Users\evu_p\AppData\Roaming\npm\node_modules\firebase-tools\lib\apiv2.js:288:77)
    at process.processTicksAndRejections (node:internal/process/task_queues:95:5)
[error] 
[error] Error: Failed to get Firebase project frontend-argentina-progr-6523c. Please make sure the project exists and your account has permission to access it.
[debug] [2023-06-22T21:56:12.813Z] ----------------------------------------------------------------------
[debug] [2023-06-22T21:56:12.814Z] Command:       C:\Program Files\nodejs\node.exe C:\Users\evu_p\AppData\Roaming\npm\node_modules\firebase-tools\lib\bin\firebase.js deploy
[debug] [2023-06-22T21:56:12.815Z] CLI Version:   12.3.1
[debug] [2023-06-22T21:56:12.815Z] Platform:      win32
[debug] [2023-06-22T21:56:12.815Z] Node Version:  v18.15.0
[debug] [2023-06-22T21:56:12.816Z] Time:          Thu Jun 22 2023 18:56:12 GMT-0300 (hora estándar de Argentina)
[debug] [2023-06-22T21:56:12.816Z] ----------------------------------------------------------------------
[debug] 
[debug] [2023-06-22T21:56:12.865Z] > command requires scopes: ["email","openid","https://www.googleapis.com/auth/cloudplatformprojects.readonly","https://www.googleapis.com/auth/firebase","https://www.googleapis.com/auth/cloud-platform"]
[debug] [2023-06-22T21:56:12.866Z] > authorizing via signed-in user (evu.penfold.11@gmail.com)
[debug] [2023-06-22T21:56:12.866Z] [iam] checking project frontend-argentina-progr-6523c for permissions ["firebase.projects.get","firebasehosting.sites.update"]
[debug] [2023-06-22T21:56:12.867Z] >>> [apiv2][query] POST https://cloudresourcemanager.googleapis.com/v1/projects/frontend-argentina-progr-6523c:testIamPermissions [none]
[debug] [2023-06-22T21:56:12.868Z] >>> [apiv2][(partial)header] POST https://cloudresourcemanager.googleapis.com/v1/projects/frontend-argentina-progr-6523c:testIamPermissions x-goog-quota-user=projects/frontend-argentina-progr-6523c
[debug] [2023-06-22T21:56:12.868Z] >>> [apiv2][body] POST https://cloudresourcemanager.googleapis.com/v1/projects/frontend-argentina-progr-6523c:testIamPermissions {"permissions":["firebase.projects.get","firebasehosting.sites.update"]}
[debug] [2023-06-22T21:56:13.953Z] <<< [apiv2][status] POST https://cloudresourcemanager.googleapis.com/v1/projects/frontend-argentina-progr-6523c:testIamPermissions 200
[debug] [2023-06-22T21:56:13.953Z] <<< [apiv2][body] POST https://cloudresourcemanager.googleapis.com/v1/projects/frontend-argentina-progr-6523c:testIamPermissions {}
[debug] [2023-06-22T21:56:13.954Z] [iam] error while checking permissions, command may fail: FirebaseError: Authorization failed. This account is missing the following required permissions on project frontend-argentina-progr-6523c:

  firebase.projects.get
  firebasehosting.sites.update
[debug] [2023-06-22T21:56:13.955Z] >>> [apiv2][query] GET https://firebase.googleapis.com/v1beta1/projects/frontend-argentina-progr-6523c [none]
[debug] [2023-06-22T21:56:14.389Z] <<< [apiv2][status] GET https://firebase.googleapis.com/v1beta1/projects/frontend-argentina-progr-6523c 403
[debug] [2023-06-22T21:56:14.390Z] <<< [apiv2][body] GET https://firebase.googleapis.com/v1beta1/projects/frontend-argentina-progr-6523c {"error":{"code":403,"message":"The caller does not have permission","status":"PERMISSION_DENIED"}}
[debug] [2023-06-22T21:56:14.392Z] HTTP Error: 403, The caller does not have permission
[debug] [2023-06-22T21:56:14.573Z] FirebaseError: HTTP Error: 403, The caller does not have permission
    at responseToError (C:\Users\evu_p\AppData\Roaming\npm\node_modules\firebase-tools\lib\responseToError.js:49:12)
    at RetryOperation._fn (C:\Users\evu_p\AppData\Roaming\npm\node_modules\firebase-tools\lib\apiv2.js:288:77)
    at process.processTicksAndRejections (node:internal/process/task_queues:95:5)
[error] 
[error] Error: Failed to get Firebase project frontend-argentina-progr-6523c. Please make sure the project exists and your account has permission to access it.
[debug] [2023-06-22T21:58:38.575Z] ----------------------------------------------------------------------
[debug] [2023-06-22T21:58:38.576Z] Command:       C:\Program Files\nodejs\node.exe C:\Users\evu_p\AppData\Roaming\npm\node_modules\firebase-tools\lib\bin\firebase.js deploy
[debug] [2023-06-22T21:58:38.576Z] CLI Version:   12.4.0
[debug] [2023-06-22T21:58:38.577Z] Platform:      win32
[debug] [2023-06-22T21:58:38.577Z] Node Version:  v18.15.0
[debug] [2023-06-22T21:58:38.577Z] Time:          Thu Jun 22 2023 18:58:38 GMT-0300 (hora estándar de Argentina)
[debug] [2023-06-22T21:58:38.577Z] ----------------------------------------------------------------------
[debug] 
[debug] [2023-06-22T21:58:38.626Z] > command requires scopes: ["email","openid","https://www.googleapis.com/auth/cloudplatformprojects.readonly","https://www.googleapis.com/auth/firebase","https://www.googleapis.com/auth/cloud-platform"]
[debug] [2023-06-22T21:58:38.626Z] > authorizing via signed-in user (evu.penfold.11@gmail.com)
[debug] [2023-06-22T21:58:38.626Z] [iam] checking project frontend-argentina-progr-6523c for permissions ["firebase.projects.get","firebasehosting.sites.update"]
[debug] [2023-06-22T21:58:38.628Z] >>> [apiv2][query] POST https://cloudresourcemanager.googleapis.com/v1/projects/frontend-argentina-progr-6523c:testIamPermissions [none]
[debug] [2023-06-22T21:58:38.628Z] >>> [apiv2][(partial)header] POST https://cloudresourcemanager.googleapis.com/v1/projects/frontend-argentina-progr-6523c:testIamPermissions x-goog-quota-user=projects/frontend-argentina-progr-6523c
[debug] [2023-06-22T21:58:38.628Z] >>> [apiv2][body] POST https://cloudresourcemanager.googleapis.com/v1/projects/frontend-argentina-progr-6523c:testIamPermissions {"permissions":["firebase.projects.get","firebasehosting.sites.update"]}
[debug] [2023-06-22T21:58:39.756Z] <<< [apiv2][status] POST https://cloudresourcemanager.googleapis.com/v1/projects/frontend-argentina-progr-6523c:testIamPermissions 200
[debug] [2023-06-22T21:58:39.756Z] <<< [apiv2][body] POST https://cloudresourcemanager.googleapis.com/v1/projects/frontend-argentina-progr-6523c:testIamPermissions {}
[debug] [2023-06-22T21:58:39.757Z] [iam] error while checking permissions, command may fail: FirebaseError: Authorization failed. This account is missing the following required permissions on project frontend-argentina-progr-6523c:

  firebase.projects.get
  firebasehosting.sites.update
[debug] [2023-06-22T21:58:39.757Z] >>> [apiv2][query] GET https://firebase.googleapis.com/v1beta1/projects/frontend-argentina-progr-6523c [none]
[debug] [2023-06-22T21:58:40.267Z] <<< [apiv2][status] GET https://firebase.googleapis.com/v1beta1/projects/frontend-argentina-progr-6523c 403
[debug] [2023-06-22T21:58:40.268Z] <<< [apiv2][body] GET https://firebase.googleapis.com/v1beta1/projects/frontend-argentina-progr-6523c {"error":{"code":403,"message":"The caller does not have permission","status":"PERMISSION_DENIED"}}
[debug] [2023-06-22T21:58:40.271Z] HTTP Error: 403, The caller does not have permission
[debug] [2023-06-22T21:58:40.488Z] FirebaseError: HTTP Error: 403, The caller does not have permission
    at responseToError (C:\Users\evu_p\AppData\Roaming\npm\node_modules\firebase-tools\lib\responseToError.js:49:12)
    at RetryOperation._fn (C:\Users\evu_p\AppData\Roaming\npm\node_modules\firebase-tools\lib\apiv2.js:288:77)
    at process.processTicksAndRejections (node:internal/process/task_queues:95:5)
[error] 
[error] Error: Failed to get Firebase project frontend-argentina-progr-6523c. Please make sure the project exists and your account has permission to access it.
